2019/11/22 16:17:28 H
2019/11/22 16:17:28 e
2019/11/22 16:17:28 l
2019/11/22 16:17:28 l
2019/11/22 16:17:28 o
2019/11/22 16:17:28  
2019/11/22 16:17:28 
2019/11/22 16:17:28 [
2019/11/22 16:17:28 3
2019/11/22 16:17:28 0
2019/11/22 16:17:28 ;
2019/11/22 16:17:28 1
2019/11/22 16:17:28 m
2019/11/22 16:17:28 c
2019/11/22 16:17:28 o
2019/11/22 16:17:28 l
2019/11/22 16:17:28 o
2019/11/22 16:17:28 r
2019/11/22 16:17:28 s
2019/11/22 16:17:28 !
2019/11/22 16:17:28 
2019/11/22 16:17:28 [
2019/11/22 16:17:28 0
2019/11/22 16:17:28 m
2019/11/22 16:17:28 H
2019/11/22 16:17:28 e
2019/11/22 16:17:28 l
2019/11/22 16:17:28 l
2019/11/22 16:17:28 o
2019/11/22 16:17:28  
2019/11/22 16:17:28 
2019/11/22 16:17:28 [
2019/11/22 16:17:28 3
2019/11/22 16:17:28 0
2019/11/22 16:17:28 ;
2019/11/22 16:17:28 4
2019/11/22 16:17:28 m
2019/11/22 16:17:28 c
2019/11/22 16:17:28 o
2019/11/22 16:17:28 l
2019/11/22 16:17:28 o
2019/11/22 16:17:28 r
2019/11/22 16:17:28 s
2019/11/22 16:17:28 !
2019/11/22 16:17:28 
2019/11/22 16:17:28 [
2019/11/22 16:17:28 0
2019/11/22 16:17:28 m
2019/11/22 16:17:28 H
2019/11/22 16:17:28 e
2019/11/22 16:17:28 l
2019/11/22 16:17:28 l
2019/11/22 16:17:28 o
2019/11/22 16:17:28  
2019/11/22 16:17:28 
2019/11/22 16:17:28 [
2019/11/22 16:17:28 3
2019/11/22 16:17:28 0
2019/11/22 16:17:28 ;
2019/11/22 16:17:28 7
2019/11/22 16:17:28 m
2019/11/22 16:17:28 c
2019/11/22 16:17:28 o
2019/11/22 16:17:28 l
2019/11/22 16:17:28 o
2019/11/22 16:17:28 r
2019/11/22 16:17:28 s
2019/11/22 16:17:28 !
2019/11/22 16:17:28 
2019/11/22 16:17:28 [
2019/11/22 16:17:28 0
2019/11/22 16:17:28 m
2019/11/22 16:17:28 H
2019/11/22 16:17:28 e
2019/11/22 16:17:28 l
2019/11/22 16:17:28 l
2019/11/22 16:17:28 o
2019/11/22 16:17:28  
2019/11/22 16:17:28 
2019/11/22 16:17:28 [
2019/11/22 16:17:28 3
2019/11/22 16:17:28 1
2019/11/22 16:17:28 ;
2019/11/22 16:17:28 1
2019/11/22 16:17:28 m
2019/11/22 16:17:28 c
2019/11/22 16:17:28 o
2019/11/22 16:17:28 l
2019/11/22 16:17:28 o
2019/11/22 16:17:28 r
2019/11/22 16:17:28 s
2019/11/22 16:17:28 !
2019/11/22 16:17:28 
2019/11/22 16:17:28 [
2019/11/22 16:17:28 0
2019/11/22 16:17:28 m
2019/11/22 16:17:28 H
2019/11/22 16:17:28 e
2019/11/22 16:17:28 l
2019/11/22 16:17:28 l
2019/11/22 16:17:28 o
2019/11/22 16:17:28  
2019/11/22 16:17:28 
2019/11/22 16:17:28 [
2019/11/22 16:17:28 3
2019/11/22 16:17:28 1
2019/11/22 16:17:28 ;
2019/11/22 16:17:28 4
2019/11/22 16:17:28 m
2019/11/22 16:17:28 c
2019/11/22 16:17:28 o
2019/11/22 16:17:28 l
2019/11/22 16:17:28 o
2019/11/22 16:17:28 r
2019/11/22 16:17:28 s
2019/11/22 16:17:28 !
2019/11/22 16:17:28 
2019/11/22 16:17:28 [
2019/11/22 16:17:28 0
2019/11/22 16:17:28 m
2019/11/22 16:17:28 H
2019/11/22 16:17:28 e
2019/11/22 16:17:28 l
2019/11/22 16:17:28 l
2019/11/22 16:17:28 o
2019/11/22 16:17:28  
2019/11/22 16:17:28 
2019/11/22 16:17:28 [
2019/11/22 16:17:28 3
2019/11/22 16:17:28 1
2019/11/22 16:17:28 ;
2019/11/22 16:17:28 7
2019/11/22 16:17:28 m
2019/11/22 16:17:28 c
2019/11/22 16:17:28 o
2019/11/22 16:17:28 l
2019/11/22 16:17:28 o
2019/11/22 16:17:28 r
2019/11/22 16:17:28 s
2019/11/22 16:17:28 !
2019/11/22 16:17:28 
2019/11/22 16:17:28 [
2019/11/22 16:17:28 0
2019/11/22 16:17:28 m
2019/11/22 16:17:28 H
2019/11/22 16:17:28 e
2019/11/22 16:17:28 l
2019/11/22 16:17:28 l
2019/11/22 16:17:28 o
2019/11/22 16:17:28  
2019/11/22 16:17:28 
2019/11/22 16:17:28 [
2019/11/22 16:17:28 3
2019/11/22 16:17:28 2
2019/11/22 16:17:28 ;
2019/11/22 16:17:28 1
2019/11/22 16:17:28 m
2019/11/22 16:17:28 c
2019/11/22 16:17:28 o
2019/11/22 16:17:28 l
2019/11/22 16:17:28 o
2019/11/22 16:17:28 r
2019/11/22 16:17:28 s
2019/11/22 16:17:28 !
2019/11/22 16:17:28 
2019/11/22 16:17:28 [
2019/11/22 16:17:28 0
2019/11/22 16:17:28 m
2019/11/22 16:17:28 H
2019/11/22 16:17:28 e
2019/11/22 16:17:28 l
2019/11/22 16:17:28 l
2019/11/22 16:17:28 o
2019/11/22 16:17:28  
2019/11/22 16:17:28 
2019/11/22 16:17:28 [
2019/11/22 16:17:28 3
2019/11/22 16:17:28 2
2019/11/22 16:17:28 ;
2019/11/22 16:17:28 4
2019/11/22 16:17:28 m
2019/11/22 16:17:28 c
2019/11/22 16:17:28 o
2019/11/22 16:17:28 l
2019/11/22 16:17:28 o
2019/11/22 16:17:28 r
2019/11/22 16:17:28 s
2019/11/22 16:17:28 !
2019/11/22 16:17:28 
2019/11/22 16:17:28 [
2019/11/22 16:17:28 0
2019/11/22 16:17:28 m
2019/11/22 16:17:28 H
2019/11/22 16:17:28 e
2019/11/22 16:17:28 l
2019/11/22 16:17:28 l
2019/11/22 16:17:28 o
2019/11/22 16:17:28  
2019/11/22 16:17:28 
2019/11/22 16:17:28 [
2019/11/22 16:17:28 3
2019/11/22 16:17:28 2
2019/11/22 16:17:28 ;
2019/11/22 16:17:28 7
2019/11/22 16:17:28 m
2019/11/22 16:17:28 c
2019/11/22 16:17:28 o
2019/11/22 16:17:28 l
2019/11/22 16:17:28 o
2019/11/22 16:17:28 r
2019/11/22 16:17:28 s
2019/11/22 16:17:28 !
2019/11/22 16:17:28 
2019/11/22 16:17:28 [
2019/11/22 16:17:28 0
2019/11/22 16:17:28 m
2019/11/22 16:17:28 H
2019/11/22 16:17:28 e
2019/11/22 16:17:28 l
2019/11/22 16:17:28 l
2019/11/22 16:17:28 o
2019/11/22 16:17:28  
2019/11/22 16:17:28 
2019/11/22 16:17:28 [
2019/11/22 16:17:28 3
2019/11/22 16:17:28 3
2019/11/22 16:17:28 ;
2019/11/22 16:17:28 1
2019/11/22 16:17:28 m
2019/11/22 16:17:28 c
2019/11/22 16:17:28 o
2019/11/22 16:17:28 l
2019/11/22 16:17:28 o
2019/11/22 16:17:28 r
2019/11/22 16:17:28 s
2019/11/22 16:17:28 !
2019/11/22 16:17:28 
2019/11/22 16:17:28 [
2019/11/22 16:17:28 0
2019/11/22 16:17:28 m
2019/11/22 16:17:28 H
2019/11/22 16:17:28 e
2019/11/22 16:17:28 l
2019/11/22 16:17:28 l
2019/11/22 16:17:28 o
2019/11/22 16:17:28  
2019/11/22 16:17:28 
2019/11/22 16:17:28 [
2019/11/22 16:17:28 3
2019/11/22 16:17:28 3
2019/11/22 16:17:28 ;
2019/11/22 16:17:28 4
2019/11/22 16:17:28 m
2019/11/22 16:17:28 c
2019/11/22 16:17:28 o
2019/11/22 16:17:28 l
2019/11/22 16:17:28 o
2019/11/22 16:17:28 r
2019/11/22 16:17:28 s
2019/11/22 16:17:28 !
2019/11/22 16:17:28 
2019/11/22 16:17:28 [
2019/11/22 16:17:28 0
2019/11/22 16:17:28 m
2019/11/22 16:17:28 H
2019/11/22 16:17:28 e
2019/11/22 16:17:28 l
2019/11/22 16:17:28 l
2019/11/22 16:17:28 o
2019/11/22 16:17:28  
2019/11/22 16:17:28 
2019/11/22 16:17:28 [
2019/11/22 16:17:28 3
2019/11/22 16:17:28 3
2019/11/22 16:17:28 ;
2019/11/22 16:17:28 7
2019/11/22 16:17:28 m
2019/11/22 16:17:28 c
2019/11/22 16:17:28 o
2019/11/22 16:17:28 l
2019/11/22 16:17:28 o
2019/11/22 16:17:28 r
2019/11/22 16:17:28 s
2019/11/22 16:17:28 !
2019/11/22 16:17:28 
2019/11/22 16:17:28 [
2019/11/22 16:17:28 0
2019/11/22 16:17:28 m
2019/11/22 16:17:28 H
2019/11/22 16:17:28 e
2019/11/22 16:17:28 l
2019/11/22 16:17:28 l
2019/11/22 16:17:28 o
2019/11/22 16:17:28  
2019/11/22 16:17:28 
2019/11/22 16:17:28 [
2019/11/22 16:17:28 3
2019/11/22 16:17:28 4
2019/11/22 16:17:28 ;
2019/11/22 16:17:28 1
2019/11/22 16:17:28 m
2019/11/22 16:17:28 c
2019/11/22 16:17:28 o
2019/11/22 16:17:28 l
2019/11/22 16:17:28 o
2019/11/22 16:17:28 r
2019/11/22 16:17:28 s
2019/11/22 16:17:28 !
2019/11/22 16:17:28 
2019/11/22 16:17:28 [
2019/11/22 16:17:28 0
2019/11/22 16:17:28 m
2019/11/22 16:17:28 H
2019/11/22 16:17:28 e
2019/11/22 16:17:28 l
2019/11/22 16:17:28 l
2019/11/22 16:17:28 o
2019/11/22 16:17:28  
2019/11/22 16:17:28 
2019/11/22 16:17:28 [
2019/11/22 16:17:28 3
2019/11/22 16:17:28 4
2019/11/22 16:17:28 ;
2019/11/22 16:17:28 4
2019/11/22 16:17:28 m
2019/11/22 16:17:28 c
2019/11/22 16:17:28 o
2019/11/22 16:17:28 l
2019/11/22 16:17:28 o
2019/11/22 16:17:28 r
2019/11/22 16:17:28 s
2019/11/22 16:17:28 !
2019/11/22 16:17:28 
2019/11/22 16:17:28 [
2019/11/22 16:17:28 0
2019/11/22 16:17:28 m
2019/11/22 16:17:28 H
2019/11/22 16:17:28 e
2019/11/22 16:17:28 l
2019/11/22 16:17:28 l
2019/11/22 16:17:28 o
2019/11/22 16:17:28  
2019/11/22 16:17:28 
2019/11/22 16:17:28 [
2019/11/22 16:17:28 3
2019/11/22 16:17:28 4
2019/11/22 16:17:28 ;
2019/11/22 16:17:28 7
2019/11/22 16:17:28 m
2019/11/22 16:17:28 c
2019/11/22 16:17:28 o
2019/11/22 16:17:28 l
2019/11/22 16:17:28 o
2019/11/22 16:17:28 r
2019/11/22 16:17:28 s
2019/11/22 16:17:28 !
2019/11/22 16:17:28 
2019/11/22 16:17:28 [
2019/11/22 16:17:28 0
2019/11/22 16:17:28 m
2019/11/22 16:17:28 H
2019/11/22 16:17:28 e
2019/11/22 16:17:28 l
2019/11/22 16:17:28 l
2019/11/22 16:17:28 o
2019/11/22 16:17:28  
2019/11/22 16:17:28 
2019/11/22 16:17:28 [
2019/11/22 16:17:28 3
2019/11/22 16:17:28 5
2019/11/22 16:17:28 ;
2019/11/22 16:17:28 1
2019/11/22 16:17:28 m
2019/11/22 16:17:28 c
2019/11/22 16:17:28 o
2019/11/22 16:17:28 l
2019/11/22 16:17:28 o
2019/11/22 16:17:28 r
2019/11/22 16:17:28 s
2019/11/22 16:17:28 !
2019/11/22 16:17:28 
2019/11/22 16:17:28 [
2019/11/22 16:17:28 0
2019/11/22 16:17:28 m
2019/11/22 16:17:28 H
2019/11/22 16:17:28 e
2019/11/22 16:17:28 l
2019/11/22 16:17:28 l
2019/11/22 16:17:28 o
2019/11/22 16:17:28  
2019/11/22 16:17:28 
2019/11/22 16:17:28 [
2019/11/22 16:17:28 3
2019/11/22 16:17:28 5
2019/11/22 16:17:28 ;
2019/11/22 16:17:28 4
2019/11/22 16:17:28 m
2019/11/22 16:17:28 c
2019/11/22 16:17:28 o
2019/11/22 16:17:28 l
2019/11/22 16:17:28 o
2019/11/22 16:17:28 r
2019/11/22 16:17:28 s
2019/11/22 16:17:28 !
2019/11/22 16:17:28 
2019/11/22 16:17:28 [
2019/11/22 16:17:28 0
2019/11/22 16:17:28 m
2019/11/22 16:17:28 H
2019/11/22 16:17:28 e
2019/11/22 16:17:28 l
2019/11/22 16:17:28 l
2019/11/22 16:17:28 o
2019/11/22 16:17:28  
2019/11/22 16:17:28 
2019/11/22 16:17:28 [
2019/11/22 16:17:28 3
2019/11/22 16:17:28 5
2019/11/22 16:17:28 ;
2019/11/22 16:17:28 7
2019/11/22 16:17:28 m
2019/11/22 16:17:28 c
2019/11/22 16:17:28 o
2019/11/22 16:17:28 l
2019/11/22 16:17:28 o
2019/11/22 16:17:28 r
2019/11/22 16:17:28 s
2019/11/22 16:17:28 !
2019/11/22 16:17:28 
2019/11/22 16:17:28 [
2019/11/22 16:17:28 0
2019/11/22 16:17:28 m
2019/11/22 16:17:28 H
2019/11/22 16:17:28 e
2019/11/22 16:17:28 l
2019/11/22 16:17:28 l
2019/11/22 16:17:28 o
2019/11/22 16:17:28  
2019/11/22 16:17:28 
2019/11/22 16:17:28 [
2019/11/22 16:17:28 3
2019/11/22 16:17:28 6
2019/11/22 16:17:28 ;
2019/11/22 16:17:28 1
2019/11/22 16:17:28 m
2019/11/22 16:17:28 c
2019/11/22 16:17:28 o
2019/11/22 16:17:28 l
2019/11/22 16:17:28 o
2019/11/22 16:17:28 r
2019/11/22 16:17:28 s
2019/11/22 16:17:28 !
2019/11/22 16:17:28 
2019/11/22 16:17:28 [
2019/11/22 16:17:28 0
2019/11/22 16:17:28 m
2019/11/22 16:17:28 H
2019/11/22 16:17:28 e
2019/11/22 16:17:28 l
2019/11/22 16:17:28 l
2019/11/22 16:17:28 o
2019/11/22 16:17:28  
2019/11/22 16:17:28 
2019/11/22 16:17:28 [
2019/11/22 16:17:28 3
2019/11/22 16:17:28 6
2019/11/22 16:17:28 ;
2019/11/22 16:17:28 4
2019/11/22 16:17:28 m
2019/11/22 16:17:28 c
2019/11/22 16:17:28 o
2019/11/22 16:17:28 l
2019/11/22 16:17:28 o
2019/11/22 16:17:28 r
2019/11/22 16:17:28 s
2019/11/22 16:17:28 !
2019/11/22 16:17:28 
2019/11/22 16:17:28 [
2019/11/22 16:17:28 0
2019/11/22 16:17:28 m
2019/11/22 16:17:28 H
2019/11/22 16:17:28 e
2019/11/22 16:17:28 l
2019/11/22 16:17:28 l
2019/11/22 16:17:28 o
2019/11/22 16:17:28  
2019/11/22 16:17:28 
2019/11/22 16:17:28 [
2019/11/22 16:17:28 3
2019/11/22 16:17:28 6
2019/11/22 16:17:28 ;
2019/11/22 16:17:28 7
2019/11/22 16:17:28 m
2019/11/22 16:17:28 c
2019/11/22 16:17:28 o
2019/11/22 16:17:28 l
2019/11/22 16:17:28 o
2019/11/22 16:17:28 r
2019/11/22 16:17:28 s
2019/11/22 16:17:28 !
2019/11/22 16:17:28 
2019/11/22 16:17:28 [
2019/11/22 16:17:28 0
2019/11/22 16:17:28 m
2019/11/22 16:17:28 H
2019/11/22 16:17:28 e
2019/11/22 16:17:28 l
2019/11/22 16:17:28 l
2019/11/22 16:17:28 o
2019/11/22 16:17:28  
2019/11/22 16:17:28 
2019/11/22 16:17:28 [
2019/11/22 16:17:28 3
2019/11/22 16:17:28 7
2019/11/22 16:17:28 ;
2019/11/22 16:17:28 1
2019/11/22 16:17:28 m
2019/11/22 16:17:28 c
2019/11/22 16:17:28 o
2019/11/22 16:17:28 l
2019/11/22 16:17:28 o
2019/11/22 16:17:28 r
2019/11/22 16:17:28 s
2019/11/22 16:17:28 !
2019/11/22 16:17:28 
2019/11/22 16:17:28 [
2019/11/22 16:17:28 0
2019/11/22 16:17:28 m
2019/11/22 16:17:28 H
2019/11/22 16:17:28 e
2019/11/22 16:17:28 l
2019/11/22 16:17:28 l
2019/11/22 16:17:28 o
2019/11/22 16:17:28  
2019/11/22 16:17:28 
2019/11/22 16:17:28 [
2019/11/22 16:17:28 3
2019/11/22 16:17:28 7
2019/11/22 16:17:28 ;
2019/11/22 16:17:28 4
2019/11/22 16:17:28 m
2019/11/22 16:17:28 c
2019/11/22 16:17:28 o
2019/11/22 16:17:28 l
2019/11/22 16:17:28 o
2019/11/22 16:17:28 r
2019/11/22 16:17:28 s
2019/11/22 16:17:28 !
2019/11/22 16:17:28 
2019/11/22 16:17:28 [
2019/11/22 16:17:28 0
2019/11/22 16:17:28 m
2019/11/22 16:17:28 H
2019/11/22 16:17:28 e
2019/11/22 16:17:28 l
2019/11/22 16:17:28 l
2019/11/22 16:17:28 o
2019/11/22 16:17:28  
2019/11/22 16:17:28 
2019/11/22 16:17:28 [
2019/11/22 16:17:28 3
2019/11/22 16:17:28 7
2019/11/22 16:17:28 ;
2019/11/22 16:17:28 7
2019/11/22 16:17:28 m
2019/11/22 16:17:28 c
2019/11/22 16:17:28 o
2019/11/22 16:17:28 l
2019/11/22 16:17:28 o
2019/11/22 16:17:28 r
2019/11/22 16:17:28 s
2019/11/22 16:17:28 !
2019/11/22 16:17:28 
2019/11/22 16:17:28 [
2019/11/22 16:17:28 0
2019/11/22 16:17:28 m
2019/11/22 16:17:34 H
2019/11/22 16:17:34 e
2019/11/22 16:17:34 l
2019/11/22 16:17:34 l
2019/11/22 16:17:34 o
2019/11/22 16:17:34  
2019/11/22 16:17:34 
2019/11/22 16:17:34 [
2019/11/22 16:17:34 3
2019/11/22 16:17:34 0
2019/11/22 16:17:34 ;
2019/11/22 16:17:34 1
2019/11/22 16:17:34 m
2019/11/22 16:17:34 c
2019/11/22 16:17:34 o
2019/11/22 16:17:34 l
2019/11/22 16:17:34 o
2019/11/22 16:17:34 r
2019/11/22 16:17:34 s
2019/11/22 16:17:34 !
2019/11/22 16:17:34 
2019/11/22 16:17:34 [
2019/11/22 16:17:34 0
2019/11/22 16:17:34 m
2019/11/22 16:17:34 H
2019/11/22 16:17:34 e
2019/11/22 16:17:34 l
2019/11/22 16:17:34 l
2019/11/22 16:17:34 o
2019/11/22 16:17:34  
2019/11/22 16:17:34 
2019/11/22 16:17:34 [
2019/11/22 16:17:34 3
2019/11/22 16:17:34 0
2019/11/22 16:17:34 ;
2019/11/22 16:17:34 4
2019/11/22 16:17:34 m
2019/11/22 16:17:34 c
2019/11/22 16:17:34 o
2019/11/22 16:17:34 l
2019/11/22 16:17:34 o
2019/11/22 16:17:34 r
2019/11/22 16:17:34 s
2019/11/22 16:17:34 !
2019/11/22 16:17:34 
2019/11/22 16:17:34 [
2019/11/22 16:17:34 0
2019/11/22 16:17:34 m
2019/11/22 16:17:34 H
2019/11/22 16:17:34 e
2019/11/22 16:17:34 l
2019/11/22 16:17:34 l
2019/11/22 16:17:34 o
2019/11/22 16:17:34  
2019/11/22 16:17:34 
2019/11/22 16:17:34 [
2019/11/22 16:17:34 3
2019/11/22 16:17:34 0
2019/11/22 16:17:34 ;
2019/11/22 16:17:34 7
2019/11/22 16:17:34 m
2019/11/22 16:17:34 c
2019/11/22 16:17:34 o
2019/11/22 16:17:34 l
2019/11/22 16:17:34 o
2019/11/22 16:17:34 r
2019/11/22 16:17:34 s
2019/11/22 16:17:34 !
2019/11/22 16:17:34 
2019/11/22 16:17:34 [
2019/11/22 16:17:34 0
2019/11/22 16:17:34 m
2019/11/22 16:17:34 H
2019/11/22 16:17:34 e
2019/11/22 16:17:34 l
2019/11/22 16:17:34 l
2019/11/22 16:17:34 o
2019/11/22 16:17:34  
2019/11/22 16:17:34 
2019/11/22 16:17:34 [
2019/11/22 16:17:34 3
2019/11/22 16:17:34 1
2019/11/22 16:17:34 ;
2019/11/22 16:17:34 1
2019/11/22 16:17:34 m
2019/11/22 16:17:34 c
2019/11/22 16:17:34 o
2019/11/22 16:17:34 l
2019/11/22 16:17:34 o
2019/11/22 16:17:34 r
2019/11/22 16:17:34 s
2019/11/22 16:17:34 !
2019/11/22 16:17:34 
2019/11/22 16:17:34 [
2019/11/22 16:17:34 0
2019/11/22 16:17:34 m
2019/11/22 16:17:34 H
2019/11/22 16:17:34 e
2019/11/22 16:17:34 l
2019/11/22 16:17:34 l
2019/11/22 16:17:34 o
2019/11/22 16:17:34  
2019/11/22 16:17:34 
2019/11/22 16:17:34 [
2019/11/22 16:17:34 3
2019/11/22 16:17:34 1
2019/11/22 16:17:34 ;
2019/11/22 16:17:34 4
2019/11/22 16:17:34 m
2019/11/22 16:17:34 c
2019/11/22 16:17:34 o
2019/11/22 16:17:34 l
2019/11/22 16:17:34 o
2019/11/22 16:17:34 r
2019/11/22 16:17:34 s
2019/11/22 16:17:34 !
2019/11/22 16:17:34 
2019/11/22 16:17:34 [
2019/11/22 16:17:34 0
2019/11/22 16:17:34 m
2019/11/22 16:17:34 H
2019/11/22 16:17:34 e
2019/11/22 16:17:34 l
2019/11/22 16:17:34 l
2019/11/22 16:17:34 o
2019/11/22 16:17:34  
2019/11/22 16:17:34 
2019/11/22 16:17:34 [
2019/11/22 16:17:34 3
2019/11/22 16:17:34 1
2019/11/22 16:17:34 ;
2019/11/22 16:17:34 7
2019/11/22 16:17:34 m
2019/11/22 16:17:34 c
2019/11/22 16:17:34 o
2019/11/22 16:17:34 l
2019/11/22 16:17:34 o
2019/11/22 16:17:34 r
2019/11/22 16:17:34 s
2019/11/22 16:17:34 !
2019/11/22 16:17:34 
2019/11/22 16:17:34 [
2019/11/22 16:17:34 0
2019/11/22 16:17:34 m
2019/11/22 16:17:34 H
2019/11/22 16:17:34 e
2019/11/22 16:17:34 l
2019/11/22 16:17:34 l
2019/11/22 16:17:34 o
2019/11/22 16:17:34  
2019/11/22 16:17:34 
2019/11/22 16:17:34 [
2019/11/22 16:17:34 3
2019/11/22 16:17:34 2
2019/11/22 16:17:34 ;
2019/11/22 16:17:34 1
2019/11/22 16:17:34 m
2019/11/22 16:17:34 c
2019/11/22 16:17:34 o
2019/11/22 16:17:34 l
2019/11/22 16:17:34 o
2019/11/22 16:17:34 r
2019/11/22 16:17:34 s
2019/11/22 16:17:34 !
2019/11/22 16:17:34 
2019/11/22 16:17:34 [
2019/11/22 16:17:34 0
2019/11/22 16:17:34 m
2019/11/22 16:17:34 H
2019/11/22 16:17:34 e
2019/11/22 16:17:34 l
2019/11/22 16:17:34 l
2019/11/22 16:17:34 o
2019/11/22 16:17:34  
2019/11/22 16:17:34 
2019/11/22 16:17:34 [
2019/11/22 16:17:34 3
2019/11/22 16:17:34 2
2019/11/22 16:17:34 ;
2019/11/22 16:17:34 4
2019/11/22 16:17:34 m
2019/11/22 16:17:34 c
2019/11/22 16:17:34 o
2019/11/22 16:17:34 l
2019/11/22 16:17:34 o
2019/11/22 16:17:34 r
2019/11/22 16:17:34 s
2019/11/22 16:17:34 !
2019/11/22 16:17:34 
2019/11/22 16:17:34 [
2019/11/22 16:17:34 0
2019/11/22 16:17:34 m
2019/11/22 16:17:34 H
2019/11/22 16:17:34 e
2019/11/22 16:17:34 l
2019/11/22 16:17:34 l
2019/11/22 16:17:34 o
2019/11/22 16:17:34  
2019/11/22 16:17:34 
2019/11/22 16:17:34 [
2019/11/22 16:17:34 3
2019/11/22 16:17:34 2
2019/11/22 16:17:34 ;
2019/11/22 16:17:34 7
2019/11/22 16:17:34 m
2019/11/22 16:17:34 c
2019/11/22 16:17:34 o
2019/11/22 16:17:34 l
2019/11/22 16:17:34 o
2019/11/22 16:17:34 r
2019/11/22 16:17:34 s
2019/11/22 16:17:34 !
2019/11/22 16:17:34 
2019/11/22 16:17:34 [
2019/11/22 16:17:34 0
2019/11/22 16:17:34 m
2019/11/22 16:17:34 H
2019/11/22 16:17:34 e
2019/11/22 16:17:34 l
2019/11/22 16:17:34 l
2019/11/22 16:17:34 o
2019/11/22 16:17:34  
2019/11/22 16:17:34 
2019/11/22 16:17:34 [
2019/11/22 16:17:34 3
2019/11/22 16:17:34 3
2019/11/22 16:17:34 ;
2019/11/22 16:17:34 1
2019/11/22 16:17:34 m
2019/11/22 16:17:34 c
2019/11/22 16:17:34 o
2019/11/22 16:17:34 l
2019/11/22 16:17:34 o
2019/11/22 16:17:34 r
2019/11/22 16:17:34 s
2019/11/22 16:17:34 !
2019/11/22 16:17:34 
2019/11/22 16:17:34 [
2019/11/22 16:17:34 0
2019/11/22 16:17:34 m
2019/11/22 16:17:34 H
2019/11/22 16:17:34 e
2019/11/22 16:17:34 l
2019/11/22 16:17:34 l
2019/11/22 16:17:34 o
2019/11/22 16:17:34  
2019/11/22 16:17:34 
2019/11/22 16:17:34 [
2019/11/22 16:17:34 3
2019/11/22 16:17:34 3
2019/11/22 16:17:34 ;
2019/11/22 16:17:34 4
2019/11/22 16:17:34 m
2019/11/22 16:17:34 c
2019/11/22 16:17:34 o
2019/11/22 16:17:34 l
2019/11/22 16:17:34 o
2019/11/22 16:17:34 r
2019/11/22 16:17:34 s
2019/11/22 16:17:34 !
2019/11/22 16:17:34 
2019/11/22 16:17:34 [
2019/11/22 16:17:34 0
2019/11/22 16:17:34 m
2019/11/22 16:17:34 H
2019/11/22 16:17:34 e
2019/11/22 16:17:34 l
2019/11/22 16:17:34 l
2019/11/22 16:17:34 o
2019/11/22 16:17:34  
2019/11/22 16:17:34 
2019/11/22 16:17:34 [
2019/11/22 16:17:34 3
2019/11/22 16:17:34 3
2019/11/22 16:17:34 ;
2019/11/22 16:17:34 7
2019/11/22 16:17:34 m
2019/11/22 16:17:34 c
2019/11/22 16:17:34 o
2019/11/22 16:17:34 l
2019/11/22 16:17:34 o
2019/11/22 16:17:34 r
2019/11/22 16:17:34 s
2019/11/22 16:17:34 !
2019/11/22 16:17:34 
2019/11/22 16:17:34 [
2019/11/22 16:17:34 0
2019/11/22 16:17:34 m
2019/11/22 16:17:34 H
2019/11/22 16:17:34 e
2019/11/22 16:17:34 l
2019/11/22 16:17:34 l
2019/11/22 16:17:34 o
2019/11/22 16:17:34  
2019/11/22 16:17:34 
2019/11/22 16:17:34 [
2019/11/22 16:17:34 3
2019/11/22 16:17:34 4
2019/11/22 16:17:34 ;
2019/11/22 16:17:34 1
2019/11/22 16:17:34 m
2019/11/22 16:17:34 c
2019/11/22 16:17:34 o
2019/11/22 16:17:34 l
2019/11/22 16:17:34 o
2019/11/22 16:17:34 r
2019/11/22 16:17:34 s
2019/11/22 16:17:34 !
2019/11/22 16:17:34 
2019/11/22 16:17:34 [
2019/11/22 16:17:34 0
2019/11/22 16:17:34 m
2019/11/22 16:17:34 H
2019/11/22 16:17:34 e
2019/11/22 16:17:34 l
2019/11/22 16:17:34 l
2019/11/22 16:17:34 o
2019/11/22 16:17:34  
2019/11/22 16:17:34 
2019/11/22 16:17:34 [
2019/11/22 16:17:34 3
2019/11/22 16:17:34 4
2019/11/22 16:17:34 ;
2019/11/22 16:17:34 4
2019/11/22 16:17:34 m
2019/11/22 16:17:34 c
2019/11/22 16:17:34 o
2019/11/22 16:17:34 l
2019/11/22 16:17:34 o
2019/11/22 16:17:34 r
2019/11/22 16:17:34 s
2019/11/22 16:17:34 !
2019/11/22 16:17:34 
2019/11/22 16:17:34 [
2019/11/22 16:17:34 0
2019/11/22 16:17:34 m
2019/11/22 16:17:34 H
2019/11/22 16:17:34 e
2019/11/22 16:17:34 l
2019/11/22 16:17:34 l
2019/11/22 16:17:34 o
2019/11/22 16:17:34  
2019/11/22 16:17:34 
2019/11/22 16:17:34 [
2019/11/22 16:17:34 3
2019/11/22 16:17:34 4
2019/11/22 16:17:34 ;
2019/11/22 16:17:34 7
2019/11/22 16:17:34 m
2019/11/22 16:17:34 c
2019/11/22 16:17:34 o
2019/11/22 16:17:34 l
2019/11/22 16:17:34 o
2019/11/22 16:17:34 r
2019/11/22 16:17:34 s
2019/11/22 16:17:34 !
2019/11/22 16:17:34 
2019/11/22 16:17:34 [
2019/11/22 16:17:34 0
2019/11/22 16:17:34 m
2019/11/22 16:17:34 H
2019/11/22 16:17:34 e
2019/11/22 16:17:34 l
2019/11/22 16:17:34 l
2019/11/22 16:17:34 o
2019/11/22 16:17:34  
2019/11/22 16:17:34 
2019/11/22 16:17:34 [
2019/11/22 16:17:34 3
2019/11/22 16:17:34 5
2019/11/22 16:17:34 ;
2019/11/22 16:17:34 1
2019/11/22 16:17:34 m
2019/11/22 16:17:34 c
2019/11/22 16:17:34 o
2019/11/22 16:17:34 l
2019/11/22 16:17:34 o
2019/11/22 16:17:34 r
2019/11/22 16:17:34 s
2019/11/22 16:17:34 !
2019/11/22 16:17:34 
2019/11/22 16:17:34 [
2019/11/22 16:17:34 0
2019/11/22 16:17:34 m
2019/11/22 16:17:34 H
2019/11/22 16:17:34 e
2019/11/22 16:17:34 l
2019/11/22 16:17:34 l
2019/11/22 16:17:34 o
2019/11/22 16:17:34  
2019/11/22 16:17:34 
2019/11/22 16:17:34 [
2019/11/22 16:17:34 3
2019/11/22 16:17:34 5
2019/11/22 16:17:34 ;
2019/11/22 16:17:34 4
2019/11/22 16:17:34 m
2019/11/22 16:17:34 c
2019/11/22 16:17:34 o
2019/11/22 16:17:34 l
2019/11/22 16:17:34 o
2019/11/22 16:17:34 r
2019/11/22 16:17:34 s
2019/11/22 16:17:34 !
2019/11/22 16:17:34 
2019/11/22 16:17:34 [
2019/11/22 16:17:34 0
2019/11/22 16:17:34 m
2019/11/22 16:17:34 H
2019/11/22 16:17:34 e
2019/11/22 16:17:34 l
2019/11/22 16:17:34 l
2019/11/22 16:17:34 o
2019/11/22 16:17:34  
2019/11/22 16:17:34 
2019/11/22 16:17:34 [
2019/11/22 16:17:34 3
2019/11/22 16:17:34 5
2019/11/22 16:17:34 ;
2019/11/22 16:17:34 7
2019/11/22 16:17:34 m
2019/11/22 16:17:34 c
2019/11/22 16:17:34 o
2019/11/22 16:17:34 l
2019/11/22 16:17:34 o
2019/11/22 16:17:34 r
2019/11/22 16:17:34 s
2019/11/22 16:17:34 !
2019/11/22 16:17:34 
2019/11/22 16:17:34 [
2019/11/22 16:17:34 0
2019/11/22 16:17:34 m
2019/11/22 16:17:34 H
2019/11/22 16:17:34 e
2019/11/22 16:17:34 l
2019/11/22 16:17:34 l
2019/11/22 16:17:34 o
2019/11/22 16:17:34  
2019/11/22 16:17:34 
2019/11/22 16:17:34 [
2019/11/22 16:17:34 3
2019/11/22 16:17:34 6
2019/11/22 16:17:34 ;
2019/11/22 16:17:34 1
2019/11/22 16:17:34 m
2019/11/22 16:17:34 c
2019/11/22 16:17:34 o
2019/11/22 16:17:34 l
2019/11/22 16:17:34 o
2019/11/22 16:17:34 r
2019/11/22 16:17:34 s
2019/11/22 16:17:34 !
2019/11/22 16:17:34 
2019/11/22 16:17:34 [
2019/11/22 16:17:34 0
2019/11/22 16:17:34 m
2019/11/22 16:17:34 H
2019/11/22 16:17:34 e
2019/11/22 16:17:34 l
2019/11/22 16:17:34 l
2019/11/22 16:17:34 o
2019/11/22 16:17:34  
2019/11/22 16:17:34 
2019/11/22 16:17:34 [
2019/11/22 16:17:34 3
2019/11/22 16:17:34 6
2019/11/22 16:17:34 ;
2019/11/22 16:17:34 4
2019/11/22 16:17:34 m
2019/11/22 16:17:34 c
2019/11/22 16:17:34 o
2019/11/22 16:17:34 l
2019/11/22 16:17:34 o
2019/11/22 16:17:34 r
2019/11/22 16:17:34 s
2019/11/22 16:17:34 !
2019/11/22 16:17:34 
2019/11/22 16:17:34 [
2019/11/22 16:17:34 0
2019/11/22 16:17:34 m
2019/11/22 16:17:34 H
2019/11/22 16:17:34 e
2019/11/22 16:17:34 l
2019/11/22 16:17:34 l
2019/11/22 16:17:34 o
2019/11/22 16:17:34  
2019/11/22 16:17:34 
2019/11/22 16:17:34 [
2019/11/22 16:17:34 3
2019/11/22 16:17:34 6
2019/11/22 16:17:34 ;
2019/11/22 16:17:34 7
2019/11/22 16:17:34 m
2019/11/22 16:17:34 c
2019/11/22 16:17:34 o
2019/11/22 16:17:34 l
2019/11/22 16:17:34 o
2019/11/22 16:17:34 r
2019/11/22 16:17:34 s
2019/11/22 16:17:34 !
2019/11/22 16:17:34 
2019/11/22 16:17:34 [
2019/11/22 16:17:34 0
2019/11/22 16:17:34 m
2019/11/22 16:17:34 H
2019/11/22 16:17:34 e
2019/11/22 16:17:34 l
2019/11/22 16:17:34 l
2019/11/22 16:17:34 o
2019/11/22 16:17:34  
2019/11/22 16:17:34 
2019/11/22 16:17:34 [
2019/11/22 16:17:34 3
2019/11/22 16:17:34 7
2019/11/22 16:17:34 ;
2019/11/22 16:17:34 1
2019/11/22 16:17:34 m
2019/11/22 16:17:34 c
2019/11/22 16:17:34 o
2019/11/22 16:17:34 l
2019/11/22 16:17:34 o
2019/11/22 16:17:34 r
2019/11/22 16:17:34 s
2019/11/22 16:17:34 !
2019/11/22 16:17:34 
2019/11/22 16:17:34 [
2019/11/22 16:17:34 0
2019/11/22 16:17:34 m
2019/11/22 16:17:34 H
2019/11/22 16:17:34 e
2019/11/22 16:17:34 l
2019/11/22 16:17:34 l
2019/11/22 16:17:34 o
2019/11/22 16:17:34  
2019/11/22 16:17:34 
2019/11/22 16:17:34 [
2019/11/22 16:17:34 3
2019/11/22 16:17:34 7
2019/11/22 16:17:34 ;
2019/11/22 16:17:34 4
2019/11/22 16:17:34 m
2019/11/22 16:17:34 c
2019/11/22 16:17:34 o
2019/11/22 16:17:34 l
2019/11/22 16:17:34 o
2019/11/22 16:17:34 r
2019/11/22 16:17:34 s
2019/11/22 16:17:34 !
2019/11/22 16:17:34 
2019/11/22 16:17:34 [
2019/11/22 16:17:34 0
2019/11/22 16:17:34 m
2019/11/22 16:17:34 H
2019/11/22 16:17:34 e
2019/11/22 16:17:34 l
2019/11/22 16:17:34 l
2019/11/22 16:17:34 o
2019/11/22 16:17:34  
2019/11/22 16:17:34 
2019/11/22 16:17:34 [
2019/11/22 16:17:34 3
2019/11/22 16:17:34 7
2019/11/22 16:17:34 ;
2019/11/22 16:17:34 7
2019/11/22 16:17:34 m
2019/11/22 16:17:34 c
2019/11/22 16:17:34 o
2019/11/22 16:17:34 l
2019/11/22 16:17:34 o
2019/11/22 16:17:34 r
2019/11/22 16:17:34 s
2019/11/22 16:17:34 !
2019/11/22 16:17:34 
2019/11/22 16:17:34 [
2019/11/22 16:17:34 0
2019/11/22 16:17:34 m
2019/11/22 16:17:36 H
2019/11/22 16:17:36 e
2019/11/22 16:17:36 l
2019/11/22 16:17:36 l
2019/11/22 16:17:36 o
2019/11/22 16:17:36  
2019/11/22 16:17:36 
2019/11/22 16:17:36 [
2019/11/22 16:17:36 3
2019/11/22 16:17:36 0
2019/11/22 16:17:36 ;
2019/11/22 16:17:36 1
2019/11/22 16:17:36 m
2019/11/22 16:17:36 c
2019/11/22 16:17:36 o
2019/11/22 16:17:36 l
2019/11/22 16:17:36 o
2019/11/22 16:17:36 r
2019/11/22 16:17:36 s
2019/11/22 16:17:36 !
2019/11/22 16:17:36 
2019/11/22 16:17:36 [
2019/11/22 16:17:36 0
2019/11/22 16:17:36 m
2019/11/22 16:17:36 H
2019/11/22 16:17:36 e
2019/11/22 16:17:36 l
2019/11/22 16:17:36 l
2019/11/22 16:17:36 o
2019/11/22 16:17:36  
2019/11/22 16:17:36 
2019/11/22 16:17:36 [
2019/11/22 16:17:36 3
2019/11/22 16:17:36 0
2019/11/22 16:17:36 ;
2019/11/22 16:17:36 4
2019/11/22 16:17:36 m
2019/11/22 16:17:36 c
2019/11/22 16:17:36 o
2019/11/22 16:17:36 l
2019/11/22 16:17:36 o
2019/11/22 16:17:36 r
2019/11/22 16:17:36 s
2019/11/22 16:17:36 !
2019/11/22 16:17:36 
2019/11/22 16:17:36 [
2019/11/22 16:17:36 0
2019/11/22 16:17:36 m
2019/11/22 16:17:36 H
2019/11/22 16:17:36 e
2019/11/22 16:17:36 l
2019/11/22 16:17:36 l
2019/11/22 16:17:36 o
2019/11/22 16:17:36  
2019/11/22 16:17:36 
2019/11/22 16:17:36 [
2019/11/22 16:17:36 3
2019/11/22 16:17:36 0
2019/11/22 16:17:36 ;
2019/11/22 16:17:36 7
2019/11/22 16:17:36 m
2019/11/22 16:17:36 c
2019/11/22 16:17:36 o
2019/11/22 16:17:36 l
2019/11/22 16:17:36 o
2019/11/22 16:17:36 r
2019/11/22 16:17:36 s
2019/11/22 16:17:36 !
2019/11/22 16:17:36 
2019/11/22 16:17:36 [
2019/11/22 16:17:36 0
2019/11/22 16:17:36 m
2019/11/22 16:17:36 H
2019/11/22 16:17:36 e
2019/11/22 16:17:36 l
2019/11/22 16:17:36 l
2019/11/22 16:17:36 o
2019/11/22 16:17:36  
2019/11/22 16:17:36 
2019/11/22 16:17:36 [
2019/11/22 16:17:36 3
2019/11/22 16:17:36 1
2019/11/22 16:17:36 ;
2019/11/22 16:17:36 1
2019/11/22 16:17:36 m
2019/11/22 16:17:36 c
2019/11/22 16:17:36 o
2019/11/22 16:17:36 l
2019/11/22 16:17:36 o
2019/11/22 16:17:36 r
2019/11/22 16:17:36 s
2019/11/22 16:17:36 !
2019/11/22 16:17:36 
2019/11/22 16:17:36 [
2019/11/22 16:17:36 0
2019/11/22 16:17:36 m
2019/11/22 16:17:36 H
2019/11/22 16:17:36 e
2019/11/22 16:17:36 l
2019/11/22 16:17:36 l
2019/11/22 16:17:36 o
2019/11/22 16:17:36  
2019/11/22 16:17:36 
2019/11/22 16:17:36 [
2019/11/22 16:17:36 3
2019/11/22 16:17:36 1
2019/11/22 16:17:36 ;
2019/11/22 16:17:36 4
2019/11/22 16:17:36 m
2019/11/22 16:17:36 c
2019/11/22 16:17:36 o
2019/11/22 16:17:36 l
2019/11/22 16:17:36 o
2019/11/22 16:17:36 r
2019/11/22 16:17:36 s
2019/11/22 16:17:36 !
2019/11/22 16:17:36 
2019/11/22 16:17:36 [
2019/11/22 16:17:36 0
2019/11/22 16:17:36 m
2019/11/22 16:17:36 H
2019/11/22 16:17:36 e
2019/11/22 16:17:36 l
2019/11/22 16:17:36 l
2019/11/22 16:17:36 o
2019/11/22 16:17:36  
2019/11/22 16:17:36 
2019/11/22 16:17:36 [
2019/11/22 16:17:36 3
2019/11/22 16:17:36 1
2019/11/22 16:17:36 ;
2019/11/22 16:17:36 7
2019/11/22 16:17:36 m
2019/11/22 16:17:36 c
2019/11/22 16:17:36 o
2019/11/22 16:17:36 l
2019/11/22 16:17:36 o
2019/11/22 16:17:36 r
2019/11/22 16:17:36 s
2019/11/22 16:17:36 !
2019/11/22 16:17:36 
2019/11/22 16:17:36 [
2019/11/22 16:17:36 0
2019/11/22 16:17:36 m
2019/11/22 16:17:36 H
2019/11/22 16:17:36 e
2019/11/22 16:17:36 l
2019/11/22 16:17:36 l
2019/11/22 16:17:36 o
2019/11/22 16:17:36  
2019/11/22 16:17:36 
2019/11/22 16:17:36 [
2019/11/22 16:17:36 3
2019/11/22 16:17:36 2
2019/11/22 16:17:36 ;
2019/11/22 16:17:36 1
2019/11/22 16:17:36 m
2019/11/22 16:17:36 c
2019/11/22 16:17:36 o
2019/11/22 16:17:36 l
2019/11/22 16:17:36 o
2019/11/22 16:17:36 r
2019/11/22 16:17:36 s
2019/11/22 16:17:36 !
2019/11/22 16:17:36 
2019/11/22 16:17:36 [
2019/11/22 16:17:36 0
2019/11/22 16:17:36 m
2019/11/22 16:17:36 H
2019/11/22 16:17:36 e
2019/11/22 16:17:36 l
2019/11/22 16:17:36 l
2019/11/22 16:17:36 o
2019/11/22 16:17:36  
2019/11/22 16:17:36 
2019/11/22 16:17:36 [
2019/11/22 16:17:36 3
2019/11/22 16:17:36 2
2019/11/22 16:17:36 ;
2019/11/22 16:17:36 4
2019/11/22 16:17:36 m
2019/11/22 16:17:36 c
2019/11/22 16:17:36 o
2019/11/22 16:17:36 l
2019/11/22 16:17:36 o
2019/11/22 16:17:36 r
2019/11/22 16:17:36 s
2019/11/22 16:17:36 !
2019/11/22 16:17:36 
2019/11/22 16:17:36 [
2019/11/22 16:17:36 0
2019/11/22 16:17:36 m
2019/11/22 16:17:36 H
2019/11/22 16:17:36 e
2019/11/22 16:17:36 l
2019/11/22 16:17:36 l
2019/11/22 16:17:36 o
2019/11/22 16:17:36  
2019/11/22 16:17:36 
2019/11/22 16:17:36 [
2019/11/22 16:17:36 3
2019/11/22 16:17:36 2
2019/11/22 16:17:36 ;
2019/11/22 16:17:36 7
2019/11/22 16:17:36 m
2019/11/22 16:17:36 c
2019/11/22 16:17:36 o
2019/11/22 16:17:36 l
2019/11/22 16:17:36 o
2019/11/22 16:17:36 r
2019/11/22 16:17:36 s
2019/11/22 16:17:36 !
2019/11/22 16:17:36 
2019/11/22 16:17:36 [
2019/11/22 16:17:36 0
2019/11/22 16:17:36 m
2019/11/22 16:17:36 H
2019/11/22 16:17:36 e
2019/11/22 16:17:36 l
2019/11/22 16:17:36 l
2019/11/22 16:17:36 o
2019/11/22 16:17:36  
2019/11/22 16:17:36 
2019/11/22 16:17:36 [
2019/11/22 16:17:36 3
2019/11/22 16:17:36 3
2019/11/22 16:17:36 ;
2019/11/22 16:17:36 1
2019/11/22 16:17:36 m
2019/11/22 16:17:36 c
2019/11/22 16:17:36 o
2019/11/22 16:17:36 l
2019/11/22 16:17:36 o
2019/11/22 16:17:36 r
2019/11/22 16:17:36 s
2019/11/22 16:17:36 !
2019/11/22 16:17:36 
2019/11/22 16:17:36 [
2019/11/22 16:17:36 0
2019/11/22 16:17:36 m
2019/11/22 16:17:36 H
2019/11/22 16:17:36 e
2019/11/22 16:17:36 l
2019/11/22 16:17:36 l
2019/11/22 16:17:36 o
2019/11/22 16:17:36  
2019/11/22 16:17:36 
2019/11/22 16:17:36 [
2019/11/22 16:17:36 3
2019/11/22 16:17:36 3
2019/11/22 16:17:36 ;
2019/11/22 16:17:36 4
2019/11/22 16:17:36 m
2019/11/22 16:17:36 c
2019/11/22 16:17:36 o
2019/11/22 16:17:36 l
2019/11/22 16:17:36 o
2019/11/22 16:17:36 r
2019/11/22 16:17:36 s
2019/11/22 16:17:36 !
2019/11/22 16:17:36 
2019/11/22 16:17:36 [
2019/11/22 16:17:36 0
2019/11/22 16:17:36 m
2019/11/22 16:17:36 H
2019/11/22 16:17:36 e
2019/11/22 16:17:36 l
2019/11/22 16:17:36 l
2019/11/22 16:17:36 o
2019/11/22 16:17:36  
2019/11/22 16:17:36 
2019/11/22 16:17:36 [
2019/11/22 16:17:36 3
2019/11/22 16:17:36 3
2019/11/22 16:17:36 ;
2019/11/22 16:17:36 7
2019/11/22 16:17:36 m
2019/11/22 16:17:36 c
2019/11/22 16:17:36 o
2019/11/22 16:17:36 l
2019/11/22 16:17:36 o
2019/11/22 16:17:36 r
2019/11/22 16:17:36 s
2019/11/22 16:17:36 !
2019/11/22 16:17:36 
2019/11/22 16:17:36 [
2019/11/22 16:17:36 0
2019/11/22 16:17:36 m
2019/11/22 16:17:36 H
2019/11/22 16:17:36 e
2019/11/22 16:17:36 l
2019/11/22 16:17:36 l
2019/11/22 16:17:36 o
2019/11/22 16:17:36  
2019/11/22 16:17:36 
2019/11/22 16:17:36 [
2019/11/22 16:17:36 3
2019/11/22 16:17:36 4
2019/11/22 16:17:36 ;
2019/11/22 16:17:36 1
2019/11/22 16:17:36 m
2019/11/22 16:17:36 c
2019/11/22 16:17:36 o
2019/11/22 16:17:36 l
2019/11/22 16:17:36 o
2019/11/22 16:17:36 r
2019/11/22 16:17:36 s
2019/11/22 16:17:36 !
2019/11/22 16:17:36 
2019/11/22 16:17:36 [
2019/11/22 16:17:36 0
2019/11/22 16:17:36 m
2019/11/22 16:17:36 H
2019/11/22 16:17:36 e
2019/11/22 16:17:36 l
2019/11/22 16:17:36 l
2019/11/22 16:17:36 o
2019/11/22 16:17:36  
2019/11/22 16:17:36 
2019/11/22 16:17:36 [
2019/11/22 16:17:36 3
2019/11/22 16:17:36 4
2019/11/22 16:17:36 ;
2019/11/22 16:17:36 4
2019/11/22 16:17:36 m
2019/11/22 16:17:36 c
2019/11/22 16:17:36 o
2019/11/22 16:17:36 l
2019/11/22 16:17:36 o
2019/11/22 16:17:36 r
2019/11/22 16:17:36 s
2019/11/22 16:17:36 !
2019/11/22 16:17:36 
2019/11/22 16:17:36 [
2019/11/22 16:17:36 0
2019/11/22 16:17:36 m
2019/11/22 16:17:36 H
2019/11/22 16:17:36 e
2019/11/22 16:17:36 l
2019/11/22 16:17:36 l
2019/11/22 16:17:36 o
2019/11/22 16:17:36  
2019/11/22 16:17:36 
2019/11/22 16:17:36 [
2019/11/22 16:17:36 3
2019/11/22 16:17:36 4
2019/11/22 16:17:36 ;
2019/11/22 16:17:36 7
2019/11/22 16:17:36 m
2019/11/22 16:17:36 c
2019/11/22 16:17:36 o
2019/11/22 16:17:36 l
2019/11/22 16:17:36 o
2019/11/22 16:17:36 r
2019/11/22 16:17:36 s
2019/11/22 16:17:36 !
2019/11/22 16:17:36 
2019/11/22 16:17:36 [
2019/11/22 16:17:36 0
2019/11/22 16:17:36 m
2019/11/22 16:17:36 H
2019/11/22 16:17:36 e
2019/11/22 16:17:36 l
2019/11/22 16:17:36 l
2019/11/22 16:17:36 o
2019/11/22 16:17:36  
2019/11/22 16:17:36 
2019/11/22 16:17:36 [
2019/11/22 16:17:36 3
2019/11/22 16:17:36 5
2019/11/22 16:17:36 ;
2019/11/22 16:17:36 1
2019/11/22 16:17:36 m
2019/11/22 16:17:36 c
2019/11/22 16:17:36 o
2019/11/22 16:17:36 l
2019/11/22 16:17:36 o
2019/11/22 16:17:36 r
2019/11/22 16:17:36 s
2019/11/22 16:17:36 !
2019/11/22 16:17:36 
2019/11/22 16:17:36 [
2019/11/22 16:17:36 0
2019/11/22 16:17:36 m
2019/11/22 16:17:36 H
2019/11/22 16:17:36 e
2019/11/22 16:17:36 l
2019/11/22 16:17:36 l
2019/11/22 16:17:36 o
2019/11/22 16:17:36  
2019/11/22 16:17:36 
2019/11/22 16:17:36 [
2019/11/22 16:17:36 3
2019/11/22 16:17:36 5
2019/11/22 16:17:36 ;
2019/11/22 16:17:36 4
2019/11/22 16:17:36 m
2019/11/22 16:17:36 c
2019/11/22 16:17:36 o
2019/11/22 16:17:36 l
2019/11/22 16:17:36 o
2019/11/22 16:17:36 r
2019/11/22 16:17:36 s
2019/11/22 16:17:36 !
2019/11/22 16:17:36 
2019/11/22 16:17:36 [
2019/11/22 16:17:36 0
2019/11/22 16:17:36 m
2019/11/22 16:17:36 H
2019/11/22 16:17:36 e
2019/11/22 16:17:36 l
2019/11/22 16:17:36 l
2019/11/22 16:17:36 o
2019/11/22 16:17:36  
2019/11/22 16:17:36 
2019/11/22 16:17:36 [
2019/11/22 16:17:36 3
2019/11/22 16:17:36 5
2019/11/22 16:17:36 ;
2019/11/22 16:17:36 7
2019/11/22 16:17:36 m
2019/11/22 16:17:36 c
2019/11/22 16:17:36 o
2019/11/22 16:17:36 l
2019/11/22 16:17:36 o
2019/11/22 16:17:36 r
2019/11/22 16:17:36 s
2019/11/22 16:17:36 !
2019/11/22 16:17:36 
2019/11/22 16:17:36 [
2019/11/22 16:17:36 0
2019/11/22 16:17:36 m
2019/11/22 16:17:36 H
2019/11/22 16:17:36 e
2019/11/22 16:17:36 l
2019/11/22 16:17:36 l
2019/11/22 16:17:36 o
2019/11/22 16:17:36  
2019/11/22 16:17:36 
2019/11/22 16:17:36 [
2019/11/22 16:17:36 3
2019/11/22 16:17:36 6
2019/11/22 16:17:36 ;
2019/11/22 16:17:36 1
2019/11/22 16:17:36 m
2019/11/22 16:17:36 c
2019/11/22 16:17:36 o
2019/11/22 16:17:36 l
2019/11/22 16:17:36 o
2019/11/22 16:17:36 r
2019/11/22 16:17:36 s
2019/11/22 16:17:36 !
2019/11/22 16:17:36 
2019/11/22 16:17:36 [
2019/11/22 16:17:36 0
2019/11/22 16:17:36 m
2019/11/22 16:17:36 H
2019/11/22 16:17:36 e
2019/11/22 16:17:36 l
2019/11/22 16:17:36 l
2019/11/22 16:17:36 o
2019/11/22 16:17:36  
2019/11/22 16:17:36 
2019/11/22 16:17:36 [
2019/11/22 16:17:36 3
2019/11/22 16:17:36 6
2019/11/22 16:17:36 ;
2019/11/22 16:17:36 4
2019/11/22 16:17:36 m
2019/11/22 16:17:36 c
2019/11/22 16:17:36 o
2019/11/22 16:17:36 l
2019/11/22 16:17:36 o
2019/11/22 16:17:36 r
2019/11/22 16:17:36 s
2019/11/22 16:17:36 !
2019/11/22 16:17:36 
2019/11/22 16:17:36 [
2019/11/22 16:17:36 0
2019/11/22 16:17:36 m
2019/11/22 16:17:36 H
2019/11/22 16:17:36 e
2019/11/22 16:17:36 l
2019/11/22 16:17:36 l
2019/11/22 16:17:36 o
2019/11/22 16:17:36  
2019/11/22 16:17:36 
2019/11/22 16:17:36 [
2019/11/22 16:17:36 3
2019/11/22 16:17:36 6
2019/11/22 16:17:36 ;
2019/11/22 16:17:36 7
2019/11/22 16:17:36 m
2019/11/22 16:17:36 c
2019/11/22 16:17:36 o
2019/11/22 16:17:36 l
2019/11/22 16:17:36 o
2019/11/22 16:17:36 r
2019/11/22 16:17:36 s
2019/11/22 16:17:36 !
2019/11/22 16:17:36 
2019/11/22 16:17:36 [
2019/11/22 16:17:36 0
2019/11/22 16:17:36 m
2019/11/22 16:17:36 H
2019/11/22 16:17:36 e
2019/11/22 16:17:36 l
2019/11/22 16:17:36 l
2019/11/22 16:17:36 o
2019/11/22 16:17:36  
2019/11/22 16:17:36 
2019/11/22 16:17:36 [
2019/11/22 16:17:36 3
2019/11/22 16:17:36 7
2019/11/22 16:17:36 ;
2019/11/22 16:17:36 1
2019/11/22 16:17:36 m
2019/11/22 16:17:36 c
2019/11/22 16:17:36 o
2019/11/22 16:17:36 l
2019/11/22 16:17:36 o
2019/11/22 16:17:36 r
2019/11/22 16:17:36 s
2019/11/22 16:17:36 !
2019/11/22 16:17:36 
2019/11/22 16:17:36 [
2019/11/22 16:17:36 0
2019/11/22 16:17:36 m
2019/11/22 16:17:36 H
2019/11/22 16:17:36 e
2019/11/22 16:17:36 l
2019/11/22 16:17:36 l
2019/11/22 16:17:36 o
2019/11/22 16:17:36  
2019/11/22 16:17:36 
2019/11/22 16:17:36 [
2019/11/22 16:17:36 3
2019/11/22 16:17:36 7
2019/11/22 16:17:36 ;
2019/11/22 16:17:36 4
2019/11/22 16:17:36 m
2019/11/22 16:17:36 c
2019/11/22 16:17:36 o
2019/11/22 16:17:36 l
2019/11/22 16:17:36 o
2019/11/22 16:17:36 r
2019/11/22 16:17:36 s
2019/11/22 16:17:36 !
2019/11/22 16:17:36 
2019/11/22 16:17:36 [
2019/11/22 16:17:36 0
2019/11/22 16:17:36 m
2019/11/22 16:17:36 H
2019/11/22 16:17:36 e
2019/11/22 16:17:36 l
2019/11/22 16:17:36 l
2019/11/22 16:17:36 o
2019/11/22 16:17:36  
2019/11/22 16:17:36 
2019/11/22 16:17:36 [
2019/11/22 16:17:36 3
2019/11/22 16:17:36 7
2019/11/22 16:17:36 ;
2019/11/22 16:17:36 7
2019/11/22 16:17:36 m
2019/11/22 16:17:36 c
2019/11/22 16:17:36 o
2019/11/22 16:17:36 l
2019/11/22 16:17:36 o
2019/11/22 16:17:36 r
2019/11/22 16:17:36 s
2019/11/22 16:17:36 !
2019/11/22 16:17:36 
2019/11/22 16:17:36 [
2019/11/22 16:17:36 0
2019/11/22 16:17:36 m
2019/11/22 16:17:42 H
2019/11/22 16:17:42 e
2019/11/22 16:17:42 l
2019/11/22 16:17:42 l
2019/11/22 16:17:42 o
2019/11/22 16:17:42  
2019/11/22 16:17:42 
2019/11/22 16:17:42 [
2019/11/22 16:17:42 3
2019/11/22 16:17:42 0
2019/11/22 16:17:42 ;
2019/11/22 16:17:42 1
2019/11/22 16:17:42 m
2019/11/22 16:17:42 c
2019/11/22 16:17:42 o
2019/11/22 16:17:42 l
2019/11/22 16:17:42 o
2019/11/22 16:17:42 r
2019/11/22 16:17:42 s
2019/11/22 16:17:42 !
2019/11/22 16:17:42 
2019/11/22 16:17:42 [
2019/11/22 16:17:42 0
2019/11/22 16:17:42 m
2019/11/22 16:17:42 H
2019/11/22 16:17:42 e
2019/11/22 16:17:42 l
2019/11/22 16:17:42 l
2019/11/22 16:17:42 o
2019/11/22 16:17:42  
2019/11/22 16:17:42 
2019/11/22 16:17:42 [
2019/11/22 16:17:42 3
2019/11/22 16:17:42 0
2019/11/22 16:17:42 ;
2019/11/22 16:17:42 4
2019/11/22 16:17:42 m
2019/11/22 16:17:42 c
2019/11/22 16:17:42 o
2019/11/22 16:17:42 l
2019/11/22 16:17:42 o
2019/11/22 16:17:42 r
2019/11/22 16:17:42 s
2019/11/22 16:17:42 !
2019/11/22 16:17:42 
2019/11/22 16:17:42 [
2019/11/22 16:17:42 0
2019/11/22 16:17:42 m
2019/11/22 16:17:42 H
2019/11/22 16:17:42 e
2019/11/22 16:17:42 l
2019/11/22 16:17:42 l
2019/11/22 16:17:42 o
2019/11/22 16:17:42  
2019/11/22 16:17:42 
2019/11/22 16:17:42 [
2019/11/22 16:17:42 3
2019/11/22 16:17:42 0
2019/11/22 16:17:42 ;
2019/11/22 16:17:42 7
2019/11/22 16:17:42 m
2019/11/22 16:17:42 c
2019/11/22 16:17:42 o
2019/11/22 16:17:42 l
2019/11/22 16:17:42 o
2019/11/22 16:17:42 r
2019/11/22 16:17:42 s
2019/11/22 16:17:42 !
2019/11/22 16:17:42 
2019/11/22 16:17:42 [
2019/11/22 16:17:42 0
2019/11/22 16:17:42 m
2019/11/22 16:17:42 H
2019/11/22 16:17:42 e
2019/11/22 16:17:42 l
2019/11/22 16:17:42 l
2019/11/22 16:17:42 o
2019/11/22 16:17:42  
2019/11/22 16:17:42 
2019/11/22 16:17:42 [
2019/11/22 16:17:42 3
2019/11/22 16:17:42 1
2019/11/22 16:17:42 ;
2019/11/22 16:17:42 1
2019/11/22 16:17:42 m
2019/11/22 16:17:42 c
2019/11/22 16:17:42 o
2019/11/22 16:17:42 l
2019/11/22 16:17:42 o
2019/11/22 16:17:42 r
2019/11/22 16:17:42 s
2019/11/22 16:17:42 !
2019/11/22 16:17:42 
2019/11/22 16:17:42 [
2019/11/22 16:17:42 0
2019/11/22 16:17:42 m
2019/11/22 16:17:42 H
2019/11/22 16:17:42 e
2019/11/22 16:17:42 l
2019/11/22 16:17:42 l
2019/11/22 16:17:42 o
2019/11/22 16:17:42  
2019/11/22 16:17:42 
2019/11/22 16:17:42 [
2019/11/22 16:17:42 3
2019/11/22 16:17:42 1
2019/11/22 16:17:42 ;
2019/11/22 16:17:42 4
2019/11/22 16:17:42 m
2019/11/22 16:17:42 c
2019/11/22 16:17:42 o
2019/11/22 16:17:42 l
2019/11/22 16:17:42 o
2019/11/22 16:17:42 r
2019/11/22 16:17:42 s
2019/11/22 16:17:42 !
2019/11/22 16:17:42 
2019/11/22 16:17:42 [
2019/11/22 16:17:42 0
2019/11/22 16:17:42 m
2019/11/22 16:17:42 H
2019/11/22 16:17:42 e
2019/11/22 16:17:42 l
2019/11/22 16:17:42 l
2019/11/22 16:17:42 o
2019/11/22 16:17:42  
2019/11/22 16:17:42 
2019/11/22 16:17:42 [
2019/11/22 16:17:42 3
2019/11/22 16:17:42 1
2019/11/22 16:17:42 ;
2019/11/22 16:17:42 7
2019/11/22 16:17:42 m
2019/11/22 16:17:42 c
2019/11/22 16:17:42 o
2019/11/22 16:17:42 l
2019/11/22 16:17:42 o
2019/11/22 16:17:42 r
2019/11/22 16:17:42 s
2019/11/22 16:17:42 !
2019/11/22 16:17:42 
2019/11/22 16:17:42 [
2019/11/22 16:17:42 0
2019/11/22 16:17:42 m
2019/11/22 16:17:42 H
2019/11/22 16:17:42 e
2019/11/22 16:17:42 l
2019/11/22 16:17:42 l
2019/11/22 16:17:42 o
2019/11/22 16:17:42  
2019/11/22 16:17:42 
2019/11/22 16:17:42 [
2019/11/22 16:17:42 3
2019/11/22 16:17:42 2
2019/11/22 16:17:42 ;
2019/11/22 16:17:42 1
2019/11/22 16:17:42 m
2019/11/22 16:17:42 c
2019/11/22 16:17:42 o
2019/11/22 16:17:42 l
2019/11/22 16:17:42 o
2019/11/22 16:17:42 r
2019/11/22 16:17:42 s
2019/11/22 16:17:42 !
2019/11/22 16:17:42 
2019/11/22 16:17:42 [
2019/11/22 16:17:42 0
2019/11/22 16:17:42 m
2019/11/22 16:17:42 H
2019/11/22 16:17:42 e
2019/11/22 16:17:42 l
2019/11/22 16:17:42 l
2019/11/22 16:17:42 o
2019/11/22 16:17:42  
2019/11/22 16:17:42 
2019/11/22 16:17:42 [
2019/11/22 16:17:42 3
2019/11/22 16:17:42 2
2019/11/22 16:17:42 ;
2019/11/22 16:17:42 4
2019/11/22 16:17:42 m
2019/11/22 16:17:42 c
2019/11/22 16:17:42 o
2019/11/22 16:17:42 l
2019/11/22 16:17:42 o
2019/11/22 16:17:42 r
2019/11/22 16:17:42 s
2019/11/22 16:17:42 !
2019/11/22 16:17:42 
2019/11/22 16:17:42 [
2019/11/22 16:17:42 0
2019/11/22 16:17:42 m
2019/11/22 16:17:42 H
2019/11/22 16:17:42 e
2019/11/22 16:17:42 l
2019/11/22 16:17:42 l
2019/11/22 16:17:42 o
2019/11/22 16:17:42  
2019/11/22 16:17:42 
2019/11/22 16:17:42 [
2019/11/22 16:17:42 3
2019/11/22 16:17:42 2
2019/11/22 16:17:42 ;
2019/11/22 16:17:42 7
2019/11/22 16:17:42 m
2019/11/22 16:17:42 c
2019/11/22 16:17:42 o
2019/11/22 16:17:42 l
2019/11/22 16:17:42 o
2019/11/22 16:17:42 r
2019/11/22 16:17:42 s
2019/11/22 16:17:42 !
2019/11/22 16:17:42 
2019/11/22 16:17:42 [
2019/11/22 16:17:42 0
2019/11/22 16:17:42 m
2019/11/22 16:17:42 H
2019/11/22 16:17:42 e
2019/11/22 16:17:42 l
2019/11/22 16:17:42 l
2019/11/22 16:17:42 o
2019/11/22 16:17:42  
2019/11/22 16:17:42 
2019/11/22 16:17:42 [
2019/11/22 16:17:42 3
2019/11/22 16:17:42 3
2019/11/22 16:17:42 ;
2019/11/22 16:17:42 1
2019/11/22 16:17:42 m
2019/11/22 16:17:42 c
2019/11/22 16:17:42 o
2019/11/22 16:17:42 l
2019/11/22 16:17:42 o
2019/11/22 16:17:42 r
2019/11/22 16:17:42 s
2019/11/22 16:17:42 !
2019/11/22 16:17:42 
2019/11/22 16:17:42 [
2019/11/22 16:17:42 0
2019/11/22 16:17:42 m
2019/11/22 16:17:42 H
2019/11/22 16:17:42 e
2019/11/22 16:17:42 l
2019/11/22 16:17:42 l
2019/11/22 16:17:42 o
2019/11/22 16:17:42  
2019/11/22 16:17:42 
2019/11/22 16:17:42 [
2019/11/22 16:17:42 3
2019/11/22 16:17:42 3
2019/11/22 16:17:42 ;
2019/11/22 16:17:42 4
2019/11/22 16:17:42 m
2019/11/22 16:17:42 c
2019/11/22 16:17:42 o
2019/11/22 16:17:42 l
2019/11/22 16:17:42 o
2019/11/22 16:17:42 r
2019/11/22 16:17:42 s
2019/11/22 16:17:42 !
2019/11/22 16:17:42 
2019/11/22 16:17:42 [
2019/11/22 16:17:42 0
2019/11/22 16:17:42 m
2019/11/22 16:17:42 H
2019/11/22 16:17:42 e
2019/11/22 16:17:42 l
2019/11/22 16:17:42 l
2019/11/22 16:17:42 o
2019/11/22 16:17:42  
2019/11/22 16:17:42 
2019/11/22 16:17:42 [
2019/11/22 16:17:42 3
2019/11/22 16:17:42 3
2019/11/22 16:17:42 ;
2019/11/22 16:17:42 7
2019/11/22 16:17:42 m
2019/11/22 16:17:42 c
2019/11/22 16:17:42 o
2019/11/22 16:17:42 l
2019/11/22 16:17:42 o
2019/11/22 16:17:42 r
2019/11/22 16:17:42 s
2019/11/22 16:17:42 !
2019/11/22 16:17:42 
2019/11/22 16:17:42 [
2019/11/22 16:17:42 0
2019/11/22 16:17:42 m
2019/11/22 16:17:42 H
2019/11/22 16:17:42 e
2019/11/22 16:17:42 l
2019/11/22 16:17:42 l
2019/11/22 16:17:42 o
2019/11/22 16:17:42  
2019/11/22 16:17:42 
2019/11/22 16:17:42 [
2019/11/22 16:17:42 3
2019/11/22 16:17:42 4
2019/11/22 16:17:42 ;
2019/11/22 16:17:42 1
2019/11/22 16:17:42 m
2019/11/22 16:17:42 c
2019/11/22 16:17:42 o
2019/11/22 16:17:42 l
2019/11/22 16:17:42 o
2019/11/22 16:17:42 r
2019/11/22 16:17:42 s
2019/11/22 16:17:42 !
2019/11/22 16:17:42 
2019/11/22 16:17:42 [
2019/11/22 16:17:42 0
2019/11/22 16:17:42 m
2019/11/22 16:17:42 H
2019/11/22 16:17:42 e
2019/11/22 16:17:42 l
2019/11/22 16:17:42 l
2019/11/22 16:17:42 o
2019/11/22 16:17:42  
2019/11/22 16:17:42 
2019/11/22 16:17:42 [
2019/11/22 16:17:42 3
2019/11/22 16:17:42 4
2019/11/22 16:17:42 ;
2019/11/22 16:17:42 4
2019/11/22 16:17:42 m
2019/11/22 16:17:42 c
2019/11/22 16:17:42 o
2019/11/22 16:17:42 l
2019/11/22 16:17:42 o
2019/11/22 16:17:42 r
2019/11/22 16:17:42 s
2019/11/22 16:17:42 !
2019/11/22 16:17:42 
2019/11/22 16:17:42 [
2019/11/22 16:17:42 0
2019/11/22 16:17:42 m
2019/11/22 16:17:42 H
2019/11/22 16:17:42 e
2019/11/22 16:17:42 l
2019/11/22 16:17:42 l
2019/11/22 16:17:42 o
2019/11/22 16:17:42  
2019/11/22 16:17:42 
2019/11/22 16:17:42 [
2019/11/22 16:17:42 3
2019/11/22 16:17:42 4
2019/11/22 16:17:42 ;
2019/11/22 16:17:42 7
2019/11/22 16:17:42 m
2019/11/22 16:17:42 c
2019/11/22 16:17:42 o
2019/11/22 16:17:42 l
2019/11/22 16:17:42 o
2019/11/22 16:17:42 r
2019/11/22 16:17:42 s
2019/11/22 16:17:42 !
2019/11/22 16:17:42 
2019/11/22 16:17:42 [
2019/11/22 16:17:42 0
2019/11/22 16:17:42 m
2019/11/22 16:17:42 H
2019/11/22 16:17:42 e
2019/11/22 16:17:42 l
2019/11/22 16:17:42 l
2019/11/22 16:17:42 o
2019/11/22 16:17:42  
2019/11/22 16:17:42 
2019/11/22 16:17:42 [
2019/11/22 16:17:42 3
2019/11/22 16:17:42 5
2019/11/22 16:17:42 ;
2019/11/22 16:17:42 1
2019/11/22 16:17:42 m
2019/11/22 16:17:42 c
2019/11/22 16:17:42 o
2019/11/22 16:17:42 l
2019/11/22 16:17:42 o
2019/11/22 16:17:42 r
2019/11/22 16:17:42 s
2019/11/22 16:17:42 !
2019/11/22 16:17:42 
2019/11/22 16:17:42 [
2019/11/22 16:17:42 0
2019/11/22 16:17:42 m
2019/11/22 16:17:42 H
2019/11/22 16:17:42 e
2019/11/22 16:17:42 l
2019/11/22 16:17:42 l
2019/11/22 16:17:42 o
2019/11/22 16:17:42  
2019/11/22 16:17:42 
2019/11/22 16:17:42 [
2019/11/22 16:17:42 3
2019/11/22 16:17:42 5
2019/11/22 16:17:42 ;
2019/11/22 16:17:42 4
2019/11/22 16:17:42 m
2019/11/22 16:17:42 c
2019/11/22 16:17:42 o
2019/11/22 16:17:42 l
2019/11/22 16:17:42 o
2019/11/22 16:17:42 r
2019/11/22 16:17:42 s
2019/11/22 16:17:42 !
2019/11/22 16:17:42 
2019/11/22 16:17:42 [
2019/11/22 16:17:42 0
2019/11/22 16:17:42 m
2019/11/22 16:17:42 H
2019/11/22 16:17:42 e
2019/11/22 16:17:42 l
2019/11/22 16:17:42 l
2019/11/22 16:17:42 o
2019/11/22 16:17:42  
2019/11/22 16:17:42 
2019/11/22 16:17:42 [
2019/11/22 16:17:42 3
2019/11/22 16:17:42 5
2019/11/22 16:17:42 ;
2019/11/22 16:17:42 7
2019/11/22 16:17:42 m
2019/11/22 16:17:42 c
2019/11/22 16:17:42 o
2019/11/22 16:17:42 l
2019/11/22 16:17:42 o
2019/11/22 16:17:42 r
2019/11/22 16:17:42 s
2019/11/22 16:17:42 !
2019/11/22 16:17:42 
2019/11/22 16:17:42 [
2019/11/22 16:17:42 0
2019/11/22 16:17:42 m
2019/11/22 16:17:42 H
2019/11/22 16:17:42 e
2019/11/22 16:17:42 l
2019/11/22 16:17:42 l
2019/11/22 16:17:42 o
2019/11/22 16:17:42  
2019/11/22 16:17:42 
2019/11/22 16:17:42 [
2019/11/22 16:17:42 3
2019/11/22 16:17:42 6
2019/11/22 16:17:42 ;
2019/11/22 16:17:42 1
2019/11/22 16:17:42 m
2019/11/22 16:17:42 c
2019/11/22 16:17:42 o
2019/11/22 16:17:42 l
2019/11/22 16:17:42 o
2019/11/22 16:17:42 r
2019/11/22 16:17:42 s
2019/11/22 16:17:42 !
2019/11/22 16:17:42 
2019/11/22 16:17:42 [
2019/11/22 16:17:42 0
2019/11/22 16:17:42 m
2019/11/22 16:17:42 H
2019/11/22 16:17:42 e
2019/11/22 16:17:42 l
2019/11/22 16:17:42 l
2019/11/22 16:17:42 o
2019/11/22 16:17:42  
2019/11/22 16:17:42 
2019/11/22 16:17:42 [
2019/11/22 16:17:42 3
2019/11/22 16:17:42 6
2019/11/22 16:17:42 ;
2019/11/22 16:17:42 4
2019/11/22 16:17:42 m
2019/11/22 16:17:42 c
2019/11/22 16:17:42 o
2019/11/22 16:17:42 l
2019/11/22 16:17:42 o
2019/11/22 16:17:42 r
2019/11/22 16:17:42 s
2019/11/22 16:17:42 !
2019/11/22 16:17:42 
2019/11/22 16:17:42 [
2019/11/22 16:17:42 0
2019/11/22 16:17:42 m
2019/11/22 16:17:42 H
2019/11/22 16:17:42 e
2019/11/22 16:17:42 l
2019/11/22 16:17:42 l
2019/11/22 16:17:42 o
2019/11/22 16:17:42  
2019/11/22 16:17:42 
2019/11/22 16:17:42 [
2019/11/22 16:17:42 3
2019/11/22 16:17:42 6
2019/11/22 16:17:42 ;
2019/11/22 16:17:42 7
2019/11/22 16:17:42 m
2019/11/22 16:17:42 c
2019/11/22 16:17:42 o
2019/11/22 16:17:42 l
2019/11/22 16:17:42 o
2019/11/22 16:17:42 r
2019/11/22 16:17:42 s
2019/11/22 16:17:42 !
2019/11/22 16:17:42 
2019/11/22 16:17:42 [
2019/11/22 16:17:42 0
2019/11/22 16:17:42 m
2019/11/22 16:17:42 H
2019/11/22 16:17:42 e
2019/11/22 16:17:42 l
2019/11/22 16:17:42 l
2019/11/22 16:17:42 o
2019/11/22 16:17:42  
2019/11/22 16:17:42 
2019/11/22 16:17:42 [
2019/11/22 16:17:42 3
2019/11/22 16:17:42 7
2019/11/22 16:17:42 ;
2019/11/22 16:17:42 1
2019/11/22 16:17:42 m
2019/11/22 16:17:42 c
2019/11/22 16:17:42 o
2019/11/22 16:17:42 l
2019/11/22 16:17:42 o
2019/11/22 16:17:42 r
2019/11/22 16:17:42 s
2019/11/22 16:17:42 !
2019/11/22 16:17:42 
2019/11/22 16:17:42 [
2019/11/22 16:17:42 0
2019/11/22 16:17:42 m
2019/11/22 16:17:42 H
2019/11/22 16:17:42 e
2019/11/22 16:17:42 l
2019/11/22 16:17:42 l
2019/11/22 16:17:42 o
2019/11/22 16:17:42  
2019/11/22 16:17:42 
2019/11/22 16:17:42 [
2019/11/22 16:17:42 3
2019/11/22 16:17:42 7
2019/11/22 16:17:42 ;
2019/11/22 16:17:42 4
2019/11/22 16:17:42 m
2019/11/22 16:17:42 c
2019/11/22 16:17:42 o
2019/11/22 16:17:42 l
2019/11/22 16:17:42 o
2019/11/22 16:17:42 r
2019/11/22 16:17:42 s
2019/11/22 16:17:42 !
2019/11/22 16:17:42 
2019/11/22 16:17:42 [
2019/11/22 16:17:42 0
2019/11/22 16:17:42 m
2019/11/22 16:17:42 H
2019/11/22 16:17:42 e
2019/11/22 16:17:42 l
2019/11/22 16:17:42 l
2019/11/22 16:17:42 o
2019/11/22 16:17:42  
2019/11/22 16:17:42 
2019/11/22 16:17:42 [
2019/11/22 16:17:42 3
2019/11/22 16:17:42 7
2019/11/22 16:17:42 ;
2019/11/22 16:17:42 7
2019/11/22 16:17:42 m
2019/11/22 16:17:42 c
2019/11/22 16:17:42 o
2019/11/22 16:17:42 l
2019/11/22 16:17:42 o
2019/11/22 16:17:42 r
2019/11/22 16:17:42 s
2019/11/22 16:17:42 !
2019/11/22 16:17:42 
2019/11/22 16:17:42 [
2019/11/22 16:17:42 0
2019/11/22 16:17:42 m
